  Animation.cpp
  Renderer.cpp
C:\Users\Srivastchavan\Documents\AnimationAssignments\Assignment1\sxr190067Asg1\sxr190067Asg1\Shader.h(51,10): warning C4101: 'info_log': unreferenced local variable
C:\Users\Srivastchavan\Documents\AnimationAssignments\Assignment1\sxr190067Asg1\sxr190067Asg1\Object.h(61,1): warning C4267: 'initializing': conversion from 'size_t' to 'int', possible loss of data
C:\Users\Srivastchavan\Documents\AnimationAssignments\Assignment1\sxr190067Asg1\sxr190067Asg1\Object.h(155,1): warning C4305: 'argument': truncation from 'int' to 'T'
          with
          [
              T=float
          ]
C:\Users\Srivastchavan\Documents\AnimationAssignments\Assignment1\sxr190067Asg1\sxr190067Asg1\Renderer.cpp(286,24): warning C4244: 'initializing': conversion from 'double' to 'GLfloat', possible loss of data
C:\Users\Srivastchavan\Documents\AnimationAssignments\Assignment1\sxr190067Asg1\sxr190067Asg1\Renderer.cpp(324,58): warning C4267: 'argument': conversion from 'size_t' to 'GLsizei', possible loss of data
  main.cpp
C:\Users\Srivastchavan\Documents\AnimationAssignments\Assignment1\sxr190067Asg1\sxr190067Asg1\Shader.h(51,10): warning C4101: 'info_log': unreferenced local variable
C:\Users\Srivastchavan\Documents\AnimationAssignments\Assignment1\sxr190067Asg1\sxr190067Asg1\Object.h(61,1): warning C4267: 'initializing': conversion from 'size_t' to 'int', possible loss of data
C:\Users\Srivastchavan\Documents\AnimationAssignments\Assignment1\sxr190067Asg1\sxr190067Asg1\Object.h(155,1): warning C4305: 'argument': truncation from 'int' to 'T'
          with
          [
              T=float
          ]
LINK : warning LNK4098: defaultlib 'LIBCMT' conflicts with use of other libs; use /NODEFAULTLIB:library
  Generating code
  1 of 1567 functions (<0.1%) were compiled, the rest were copied from previous compilation.
    0 functions were new in current compilation
    1 functions had inline decision re-evaluated but remain unchanged
  Finished generating code
glew32s.lib(glew.obj) : warning LNK4099: PDB 'vc120.pdb' was not found with 'glew32s.lib(glew.obj)' or at 'C:\Users\Srivastchavan\Documents\AnimationAssignments\Assignment1\sxr190067Asg1\x64\Release\vc120.pdb'; linking object as if no debug info
  sxr190067Asg1.vcxproj -> C:\Users\Srivastchavan\Documents\AnimationAssignments\Assignment1\sxr190067Asg1\x64\Release\sxr190067Asg1.exe
